<?xml version="1.0" encoding="UTF-8"?>
<testng-results ignored="0" total="2" passed="2" failed="0" skipped="0">
  <reporter-output>
  </reporter-output>
  <suite started-at="2024-01-14T22:00:57 CST" name="Default suite" finished-at="2024-01-14T22:01:26 CST" duration-ms="29555">
    <groups>
    </groups>
    <test started-at="2024-01-14T22:00:57 CST" name="Default test" finished-at="2024-01-14T22:01:26 CST" duration-ms="29555">
      <class name="variousConcepts.CrmTest">
        <test-method is-config="true" signature="readConfig()[pri:0, instance:variousConcepts.CrmTest@437da279]" started-at="2024-01-14T22:00:57 CST" name="readConfig" finished-at="2024-01-14T22:00:57 CST" duration-ms="14" status="PASS">
          <reporter-output>
          </reporter-output>
        </test-method> <!-- readConfig -->
        <test-method is-config="true" signature="setUp()[pri:0, instance:variousConcepts.CrmTest@437da279]" started-at="2024-01-14T22:00:57 CST" name="setUp" finished-at="2024-01-14T22:01:06 CST" duration-ms="9139" status="PASS">
          <reporter-output>
          </reporter-output>
        </test-method> <!-- setUp -->
        <test-method signature="lognTest()[pri:0, instance:variousConcepts.CrmTest@437da279]" started-at="2024-01-14T22:01:06 CST" name="lognTest" finished-at="2024-01-14T22:01:18 CST" duration-ms="11956" status="PASS">
          <reporter-output>
          </reporter-output>
        </test-method> <!-- lognTest -->
        <test-method is-config="true" signature="setUp()[pri:0, instance:variousConcepts.CrmTest@437da279]" started-at="2024-01-14T22:01:18 CST" name="setUp" finished-at="2024-01-14T22:01:25 CST" duration-ms="7172" status="PASS">
          <reporter-output>
          </reporter-output>
        </test-method> <!-- setUp -->
        <test-method signature="testAlertLoginPage()[pri:0, instance:variousConcepts.CrmTest@437da279]" started-at="2024-01-14T22:01:25 CST" name="testAlertLoginPage" finished-at="2024-01-14T22:01:26 CST" duration-ms="1185" status="PASS">
          <reporter-output>
          </reporter-output>
        </test-method> <!-- testAlertLoginPage -->
      </class> <!-- variousConcepts.CrmTest -->
    </test> <!-- Default test -->
  </suite> <!-- Default suite -->
</testng-results>
